<?xml version="1.0" encoding="UTF-8"?>
<testng-results ignored="0" total="1" passed="1" failed="0" skipped="0">
  <reporter-output>
  </reporter-output>
  <suite started-at="2025-12-17T08:36:19 IST" name="RegressionSuite" finished-at="2025-12-17T08:36:19 IST" duration-ms="68">
    <groups>
      <group name="Regression">
        <method signature="PracTest.BikeTest()[pri:0, instance:Demo.PracTest@16d04d3d]" name="BikeTest" class="Demo.PracTest"/>
      </group> <!-- Regression -->
    </groups>
    <test started-at="2025-12-17T08:36:19 IST" name="Test" finished-at="2025-12-17T08:36:19 IST" duration-ms="68">
      <class name="Demo.PracTest">
        <test-method signature="BikeTest()[pri:0, instance:Demo.PracTest@16d04d3d]" started-at="2025-12-17T08:36:19 IST" name="BikeTest" finished-at="2025-12-17T08:36:19 IST" duration-ms="13" status="PASS">
          <reporter-output>
          </reporter-output>
        </test-method> <!-- BikeTest -->
      </class> <!-- Demo.PracTest -->
    </test> <!-- Test -->
  </suite> <!-- RegressionSuite -->
</testng-results>
